<?xml version="1.0" encoding="UTF-8"?>
<!-- Generated by org.testng.reporters.JUnitReportReporter -->
<testsuite skipped="0" hostname="01-PROY-06" name="com.TestNG.TestNGDataProviderExample" tests="2" failures="0" timestamp="2019-11-11T15:02:02 COT" time="89.460" errors="0">
  <testcase name="login" time="50.783" classname="com.TestNG.TestNGDataProviderExample"/>
  <testcase name="login" time="38.677" classname="com.TestNG.TestNGDataProviderExample"/>
</testsuite> <!-- com.TestNG.TestNGDataProviderExample -->
