<?xml version="1.0" encoding="UTF-8"?>
<!-- Generated by org.testng.reporters.JUnitReportReporter -->
<testsuite skipped="0" hostname="01-PROY-06" name="com.automatizacion.bove.InicioSesionTest" tests="1" failures="0" timestamp="2019-11-11T18:26:00 COT" time="28.505" errors="0">
  <testcase name="IniciarSesion" time="28.505" classname="com.automatizacion.bove.InicioSesionTest"/>
</testsuite> <!-- com.automatizacion.bove.InicioSesionTest -->
