<?xml version="1.0" encoding="UTF-8"?>
<!-- Generated by org.testng.reporters.JUnitReportReporter -->
<testsuite skipped="0" hostname="01-PROY-06" name="com.TestNG.TestNGExample" tests="1" failures="0" timestamp="2019-11-11T13:49:50 COT" time="7.890" errors="0">
  <testcase name="f" time="7.890" classname="com.TestNG.TestNGExample"/>
</testsuite> <!-- com.TestNG.TestNGExample -->
